<?xml version="1.0" encoding="UTF-8"?>
<testng-results ignored="0" total="2" passed="2" failed="0" skipped="0">
  <reporter-output>
  </reporter-output>
  <suite started-at="2023-05-31T13:02:14 EDT" name="Default suite" finished-at="2023-05-31T13:02:39 EDT" duration-ms="24356">
    <groups>
    </groups>
    <test started-at="2023-05-31T13:02:14 EDT" name="Default test" finished-at="2023-05-31T13:02:39 EDT" duration-ms="24356">
      <class name="com.tekarch.SeleniumTest2">
        <test-method signature="script1()[pri:0, instance:com.tekarch.SeleniumTest2@1cbbffcd]" started-at="2023-05-31T13:02:14 EDT" name="script1" finished-at="2023-05-31T13:02:28 EDT" duration-ms="13400" status="PASS">
          <reporter-output>
          </reporter-output>
        </test-method> <!-- script1 -->
      </class> <!-- com.tekarch.SeleniumTest2 -->
      <class name="com.tekarch.SeleniumTest">
        <test-method signature="script1()[pri:0, instance:com.tekarch.SeleniumTest@35ef1869]" started-at="2023-05-31T13:02:28 EDT" name="script1" finished-at="2023-05-31T13:02:39 EDT" duration-ms="10884" status="PASS">
          <reporter-output>
          </reporter-output>
        </test-method> <!-- script1 -->
      </class> <!-- com.tekarch.SeleniumTest -->
    </test> <!-- Default test -->
  </suite> <!-- Default suite -->
</testng-results>
